<?xml version="1.0" encoding="UTF-8"?>
<!-- Generated by org.testng.reporters.JUnitReportReporter -->
<testsuite hostname="DS-YF-118" name="com.ds.testcases.Account.testAccount" tests="2" failures="0" timestamp="27 May 2019 08:53:52 GMT" time="50.651" errors="0">
  <testcase name="test_AccountLogin" time="30.294" classname="com.ds.testcases.Account.testAccount"/>
  <testcase name="test_AccountLoginWithWrongPassword" time="20.357" classname="com.ds.testcases.Account.testAccount"/>
</testsuite> <!-- com.ds.testcases.Account.testAccount -->
