<?xml version="1.0" encoding="UTF-8"?>
<!-- Generated by org.testng.reporters.JUnitReportReporter -->
<testsuite hostname="dell-PC" name="com.gstzy.testcases.Account.TestCase_Login" tests="1" failures="0" timestamp="23 Jan 2017 02:16:13 GMT" time="14.094" errors="0">
  <testcase name="testLoginByUserNameSuc" time="14.094" classname="com.gstzy.testcases.Account.TestCase_Login"/>
</testsuite> <!-- com.gstzy.testcases.Account.TestCase_Login -->
